<?xml version="1.0" encoding="UTF-8"?>
<testsuite name="com.bi.model.CoordinateTest" tests="1" skipped="0" failures="0" errors="0" timestamp="2021-03-02T04:51:27" hostname="Blakes-MacBook-Pro.local" time="0.216">
  <properties/>
  <testcase name="test()" classname="com.bi.model.CoordinateTest" time="0.216"/>
  <system-out><![CDATA[]]></system-out>
  <system-err><![CDATA[]]></system-err>
</testsuite>
